app/build/intermediates/manifest_merge_blame_file/debug/manifest-merger-blame-debug-report.txt
1<?xml version="1.0" encoding="utf-8"?>
2<manifest xmlns:android="http://schemas.android.com/apk/res/android"
3    package="com.example.polyfast"
4    android:versionCode="1"
5    android:versionName="1.0" >
6
7    <uses-sdk
8        android:minSdkVersion="17"
8-->src\main\AndroidManifest.xml
9        android:targetSdkVersion="29" />
9-->src\main\AndroidManifest.xml
10
11    <uses-permission android:name="android.permission.INTERNET" />
11-->src\main\AndroidManifest.xml:5:5-67
11-->src\main\AndroidManifest.xml:5:22-64
12    <uses-permission android:name="android.permission.ACCESS_NETWORK_STATE" />
12-->src\main\AndroidManifest.xml:6:5-79
12-->src\main\AndroidManifest.xml:6:22-76
13    <uses-permission android:name="android.permission.READ_EXTERNAL_STORAGE" />
13-->src\main\AndroidManifest.xml:7:5-80
13-->src\main\AndroidManifest.xml:7:22-77
14    <uses-permission android:name="android.permission.WRITE_EXTERNAL_STORAGE" />
14-->src\main\AndroidManifest.xml:8:5-81
14-->src\main\AndroidManifest.xml:8:22-78
15
16    <application
16-->src\main\AndroidManifest.xml:10:5-33:19
17        android:name="androidx.multidex.MultiDexApplication"
18        android:allowBackup="true"
18-->src\main\AndroidManifest.xml:11:9-35
19        android:appComponentFactory="androidx.core.app.CoreComponentFactory"
19-->[androidx.core:core:1.1.0] AndroidManifest.xml:24:18-86
20        android:debuggable="true"
21        android:icon="@drawable/polifast"
21-->src\main\AndroidManifest.xml:12:9-42
22        android:label="@string/app_name"
22-->src\main\AndroidManifest.xml:13:9-41
23        android:roundIcon="@mipmap/ic_launcher_round"
23-->src\main\AndroidManifest.xml:14:9-54
24        android:supportsRtl="true"
24-->src\main\AndroidManifest.xml:15:9-35
25        android:testOnly="true"
26        android:theme="@style/AppTheme" >
26-->src\main\AndroidManifest.xml:16:9-40
27        <activity android:name="com.example.polyfast.forumManager.AskQuestion" />
27-->src\main\AndroidManifest.xml:17:9-61
27-->src\main\AndroidManifest.xml:17:19-59
28        <activity android:name="com.example.polyfast.forumManager.QuestionDetail" />
28-->src\main\AndroidManifest.xml:18:9-65
28-->src\main\AndroidManifest.xml:18:19-62
29        <activity android:name="com.example.polyfast.Activities.DownloadedFile" />
29-->src\main\AndroidManifest.xml:19:9-63
29-->src\main\AndroidManifest.xml:19:19-60
30        <activity
30-->src\main\AndroidManifest.xml:20:9-23:59
31            android:name="com.example.polyfast.Activities.PlateForm"
31-->src\main\AndroidManifest.xml:21:13-49
32            android:label="@string/title_activity_plate_form"
32-->src\main\AndroidManifest.xml:22:13-62
33            android:theme="@style/AppTheme.NoActionBar" />
33-->src\main\AndroidManifest.xml:23:13-56
34        <activity android:name="com.example.polyfast.Activities.Reset_Password" />
34-->src\main\AndroidManifest.xml:24:9-63
34-->src\main\AndroidManifest.xml:24:19-60
35        <activity android:name="com.example.polyfast.Activities.Sing_in_sind_up" />
35-->src\main\AndroidManifest.xml:25:9-64
35-->src\main\AndroidManifest.xml:25:19-61
36        <activity android:name="com.example.polyfast.Activities.MainActivity" >
36-->src\main\AndroidManifest.xml:26:9-32:20
36-->src\main\AndroidManifest.xml:26:19-58
37            <intent-filter>
37-->src\main\AndroidManifest.xml:27:13-31:29
38                <action android:name="android.intent.action.MAIN" />
38-->src\main\AndroidManifest.xml:28:17-69
38-->src\main\AndroidManifest.xml:28:25-66
39
40                <category android:name="android.intent.category.LAUNCHER" />
40-->src\main\AndroidManifest.xml:30:17-77
40-->src\main\AndroidManifest.xml:30:27-74
41            </intent-filter>
42        </activity>
43
44        <service
44-->[com.google.firebase:firebase-firestore:21.4.2] AndroidManifest.xml:17:9-23:19
45            android:name="com.google.firebase.components.ComponentDiscoveryService"
45-->[com.google.firebase:firebase-firestore:21.4.2] AndroidManifest.xml:18:13-84
46            android:directBootAware="true"
46-->[com.google.firebase:firebase-common:19.3.0] AndroidManifest.xml:34:13-43
47            android:exported="false" >
47-->[com.google.firebase:firebase-firestore:21.4.2] AndroidManifest.xml:19:13-37
48            <meta-data
48-->[com.google.firebase:firebase-firestore:21.4.2] AndroidManifest.xml:20:13-22:85
49                android:name="com.google.firebase.components:com.google.firebase.firestore.FirestoreRegistrar"
49-->[com.google.firebase:firebase-firestore:21.4.2] AndroidManifest.xml:21:17-111
50                android:value="com.google.firebase.components.ComponentRegistrar" />
50-->[com.google.firebase:firebase-firestore:21.4.2] AndroidManifest.xml:22:17-82
51            <meta-data
51-->[com.google.firebase:firebase-storage:19.1.1] AndroidManifest.xml:33:13-35:85
52                android:name="com.google.firebase.components:com.google.firebase.storage.StorageRegistrar"
52-->[com.google.firebase:firebase-storage:19.1.1] AndroidManifest.xml:34:17-107
53                android:value="com.google.firebase.components.ComponentRegistrar" />
53-->[com.google.firebase:firebase-storage:19.1.1] AndroidManifest.xml:35:17-82
54        </service>
55
56        <activity
56-->[com.google.android.gms:play-services-base:17.0.0] AndroidManifest.xml:23:9-26:75
57            android:name="com.google.android.gms.common.api.GoogleApiActivity"
57-->[com.google.android.gms:play-services-base:17.0.0] AndroidManifest.xml:24:13-79
58            android:exported="false"
58-->[com.google.android.gms:play-services-base:17.0.0] AndroidManifest.xml:25:13-37
59            android:theme="@android:style/Theme.Translucent.NoTitleBar" />
59-->[com.google.android.gms:play-services-base:17.0.0] AndroidManifest.xml:26:13-72
60
61        <provider
61-->[com.google.firebase:firebase-common:19.3.0] AndroidManifest.xml:26:9-30:39
62            android:name="com.google.firebase.provider.FirebaseInitProvider"
62-->[com.google.firebase:firebase-common:19.3.0] AndroidManifest.xml:27:13-77
63            android:authorities="com.example.polyfast.firebaseinitprovider"
63-->[com.google.firebase:firebase-common:19.3.0] AndroidManifest.xml:28:13-72
64            android:exported="false"
64-->[com.google.firebase:firebase-common:19.3.0] AndroidManifest.xml:29:13-37
65            android:initOrder="100" />
65-->[com.google.firebase:firebase-common:19.3.0] AndroidManifest.xml:30:13-36
66
67        <meta-data
67-->[com.google.android.gms:play-services-basement:17.0.0] AndroidManifest.xml:23:9-25:69
68            android:name="com.google.android.gms.version"
68-->[com.google.android.gms:play-services-basement:17.0.0] AndroidManifest.xml:24:13-58
69            android:value="@integer/google_play_services_version" />
69-->[com.google.android.gms:play-services-basement:17.0.0] AndroidManifest.xml:25:13-66
70
71        <provider
71-->[androidx.lifecycle:lifecycle-process:2.2.0] AndroidManifest.xml:25:9-29:43
72            android:name="androidx.lifecycle.ProcessLifecycleOwnerInitializer"
72-->[androidx.lifecycle:lifecycle-process:2.2.0] AndroidManifest.xml:26:13-79
73            android:authorities="com.example.polyfast.lifecycle-process"
73-->[androidx.lifecycle:lifecycle-process:2.2.0] AndroidManifest.xml:27:13-69
74            android:exported="false"
74-->[androidx.lifecycle:lifecycle-process:2.2.0] AndroidManifest.xml:28:13-37
75            android:multiprocess="true" />
75-->[androidx.lifecycle:lifecycle-process:2.2.0] AndroidManifest.xml:29:13-40
76    </application>
77
78</manifest>